<?xml version="1.0" encoding="UTF-8"?>
<!-- Generated by org.testng.reporters.JUnitReportReporter -->
<testsuite hostname="Nani-PC" failures="2" tests="5" name="com.accelerator.runners.MyTestRunner" time="142.337" errors="0" timestamp="2021-06-22T16:26:43 IST" skipped="0">
  <testcase classname="com.accelerator.runners.MyTestRunner" name="runScenario" time="16.406"/>
  <system-out/>
  <testcase classname="com.accelerator.runners.MyTestRunner" name="runScenario" time="22.505">
    <failure type="java.lang.AssertionError">
      <![CDATA[java.lang.AssertionError
at org.junit.Assert.fail(Assert.java:87)
at org.junit.Assert.assertTrue(Assert.java:42)
at org.junit.Assert.assertTrue(Assert.java:53)
at com.accelerator.stepdefinitions.AccountsPageSteps.accounts_section_count_should_be(AccountsPageSteps.java:53)
at ✽.accounts section count should be 6(file:///D:/Selenium/Java%20Workspace/AA_SeleniumGrid_Testng-master.zip_expanded/AA_SeleniumGrid_Testng-master/AutomationAccelerator-seleniumgrid/src/test/resources/features/AccountsPage.feature:24)
]]>
    </failure>
  </testcase> <!-- runScenario -->
  <system-out/>
  <testcase classname="com.accelerator.runners.MyTestRunner" name="runScenario" time="34.044"/>
  <system-out/>
  <testcase classname="com.accelerator.runners.MyTestRunner" name="runScenario" time="51.074"/>
  <system-out/>
  <testcase classname="com.accelerator.runners.MyTestRunner" name="runScenario" time="18.308">
    <failure type="java.lang.AssertionError">
      <![CDATA[java.lang.AssertionError
at org.junit.Assert.fail(Assert.java:87)
at org.junit.Assert.assertTrue(Assert.java:42)
at org.junit.Assert.assertTrue(Assert.java:53)
at com.accelerator.stepdefinitions.LoginPageSteps.page_title_should_be(LoginPageSteps.java:28)
at ✽.page title should be "My account - My Store"(file:///D:/Selenium/Java%20Workspace/AA_SeleniumGrid_Testng-master.zip_expanded/AA_SeleniumGrid_Testng-master/AutomationAccelerator-seleniumgrid/src/test/resources/features/LoginPage.feature:18)
]]>
    </failure>
  </testcase> <!-- runScenario -->
  <system-out/>
</testsuite> <!-- com.accelerator.runners.MyTestRunner -->
