<?xml version="1.0" encoding="UTF-8"?>
<testng-results ignored="0" total="5" passed="3" failed="2" skipped="0">
  <reporter-output>
  </reporter-output>
  <suite started-at="2021-06-22T16:25:45 IST" name="Surefire suite" finished-at="2021-06-22T16:26:42 IST" duration-ms="57474">
    <groups>
      <group name="cucumber">
        <method signature="AbstractTestNGCucumberTests.runScenario(io.cucumber.testng.PickleWrapper, io.cucumber.testng.FeatureWrapper)[pri:0, instance:com.accelerator.runners.MyTestRunner@2d29b4ee]" name="runScenario" class="io.cucumber.testng.AbstractTestNGCucumberTests"/>
      </group> <!-- cucumber -->
    </groups>
    <test started-at="2021-06-22T16:25:45 IST" name="Surefire test" finished-at="2021-06-22T16:26:42 IST" duration-ms="57474">
      <class name="com.accelerator.runners.MyTestRunner">
        <test-method is-config="true" signature="setUpClass()[pri:0, instance:com.accelerator.runners.MyTestRunner@2d29b4ee]" started-at="2021-06-22T16:25:45 IST" name="setUpClass" finished-at="2021-06-22T16:25:46 IST" duration-ms="865" status="PASS">
          <reporter-output>
          </reporter-output>
        </test-method> <!-- setUpClass -->
        <test-method signature="runScenario(io.cucumber.testng.PickleWrapper, io.cucumber.testng.FeatureWrapper)[pri:0, instance:com.accelerator.runners.MyTestRunner@2d29b4ee]" started-at="2021-06-22T16:25:46 IST" name="runScenario" description="Runs Cucumber Scenarios" data-provider="scenarios" finished-at="2021-06-22T16:26:02 IST" duration-ms="16406" status="PASS">
          <params>
            <param index="0">
              <value>
                <![CDATA["Login page title"]]>
              </value>
            </param>
            <param index="1">
              <value>
                <![CDATA["Optional[Login page feature]"]]>
              </value>
            </param>
          </params>
          <reporter-output>
          </reporter-output>
        </test-method> <!-- runScenario -->
        <test-method signature="runScenario(io.cucumber.testng.PickleWrapper, io.cucumber.testng.FeatureWrapper)[pri:0, instance:com.accelerator.runners.MyTestRunner@2d29b4ee]" started-at="2021-06-22T16:25:46 IST" name="runScenario" description="Runs Cucumber Scenarios" data-provider="scenarios" finished-at="2021-06-22T16:26:08 IST" duration-ms="22505" status="FAIL">
          <params>
            <param index="0">
              <value>
                <![CDATA["Accounts section count"]]>
              </value>
            </param>
            <param index="1">
              <value>
                <![CDATA["Optional[Account Page Feature]"]]>
              </value>
            </param>
          </params>
          <exception class="java.lang.AssertionError">
            <full-stacktrace>
              <![CDATA[java.lang.AssertionError
at org.junit.Assert.fail(Assert.java:87)
at org.junit.Assert.assertTrue(Assert.java:42)
at org.junit.Assert.assertTrue(Assert.java:53)
at com.accelerator.stepdefinitions.AccountsPageSteps.accounts_section_count_should_be(AccountsPageSteps.java:53)
at ✽.accounts section count should be 6(file:///D:/Selenium/Java%20Workspace/AA_SeleniumGrid_Testng-master.zip_expanded/AA_SeleniumGrid_Testng-master/AutomationAccelerator-seleniumgrid/src/test/resources/features/AccountsPage.feature:24)
]]>
            </full-stacktrace>
          </exception> <!-- java.lang.AssertionError -->
          <reporter-output>
          </reporter-output>
        </test-method> <!-- runScenario -->
        <test-method signature="runScenario(io.cucumber.testng.PickleWrapper, io.cucumber.testng.FeatureWrapper)[pri:0, instance:com.accelerator.runners.MyTestRunner@2d29b4ee]" started-at="2021-06-22T16:25:46 IST" name="runScenario" description="Runs Cucumber Scenarios" data-provider="scenarios" finished-at="2021-06-22T16:26:37 IST" duration-ms="51074" status="PASS">
          <params>
            <param index="0">
              <value>
                <![CDATA["Accounts page title"]]>
              </value>
            </param>
            <param index="1">
              <value>
                <![CDATA["Optional[Account Page Feature]"]]>
              </value>
            </param>
          </params>
          <reporter-output>
          </reporter-output>
        </test-method> <!-- runScenario -->
        <test-method signature="runScenario(io.cucumber.testng.PickleWrapper, io.cucumber.testng.FeatureWrapper)[pri:0, instance:com.accelerator.runners.MyTestRunner@2d29b4ee]" started-at="2021-06-22T16:25:46 IST" name="runScenario" description="Runs Cucumber Scenarios" data-provider="scenarios" finished-at="2021-06-22T16:26:04 IST" duration-ms="18308" status="FAIL">
          <params>
            <param index="0">
              <value>
                <![CDATA["Login with correct credentials"]]>
              </value>
            </param>
            <param index="1">
              <value>
                <![CDATA["Optional[Login page feature]"]]>
              </value>
            </param>
          </params>
          <exception class="java.lang.AssertionError">
            <full-stacktrace>
              <![CDATA[java.lang.AssertionError
at org.junit.Assert.fail(Assert.java:87)
at org.junit.Assert.assertTrue(Assert.java:42)
at org.junit.Assert.assertTrue(Assert.java:53)
at com.accelerator.stepdefinitions.LoginPageSteps.page_title_should_be(LoginPageSteps.java:28)
at ✽.page title should be "My account - My Store"(file:///D:/Selenium/Java%20Workspace/AA_SeleniumGrid_Testng-master.zip_expanded/AA_SeleniumGrid_Testng-master/AutomationAccelerator-seleniumgrid/src/test/resources/features/LoginPage.feature:18)
]]>
            </full-stacktrace>
          </exception> <!-- java.lang.AssertionError -->
          <reporter-output>
          </reporter-output>
        </test-method> <!-- runScenario -->
        <test-method signature="runScenario(io.cucumber.testng.PickleWrapper, io.cucumber.testng.FeatureWrapper)[pri:0, instance:com.accelerator.runners.MyTestRunner@2d29b4ee]" started-at="2021-06-22T16:25:46 IST" name="runScenario" description="Runs Cucumber Scenarios" data-provider="scenarios" finished-at="2021-06-22T16:26:20 IST" duration-ms="34044" status="PASS">
          <params>
            <param index="0">
              <value>
                <![CDATA["Forgot Password link"]]>
              </value>
            </param>
            <param index="1">
              <value>
                <![CDATA["Optional[Login page feature]"]]>
              </value>
            </param>
          </params>
          <reporter-output>
          </reporter-output>
        </test-method> <!-- runScenario -->
        <test-method is-config="true" signature="tearDownClass()[pri:0, instance:com.accelerator.runners.MyTestRunner@2d29b4ee]" started-at="2021-06-22T16:26:37 IST" name="tearDownClass" finished-at="2021-06-22T16:26:42 IST" duration-ms="5465" status="PASS">
          <reporter-output>
          </reporter-output>
        </test-method> <!-- tearDownClass -->
      </class> <!-- com.accelerator.runners.MyTestRunner -->
    </test> <!-- Surefire test -->
  </suite> <!-- Surefire suite -->
</testng-results>
