<html>
<head>
<title>TestNG:  Surefire test</title>
<link href="../testng.css" rel="stylesheet" type="text/css" />
<link href="../my-testng.css" rel="stylesheet" type="text/css" />

<style type="text/css">
.log { display: none;} 
.stack-trace { display: none;} 
</style>
<script type="text/javascript">
<!--
function flip(e) {
  current = e.style.display;
  if (current == 'block') {
    e.style.display = 'none';
    return 0;
  }
  else {
    e.style.display = 'block';
    return 1;
  }
}

function toggleBox(szDivId, elem, msg1, msg2)
{
  var res = -1;  if (document.getElementById) {
    res = flip(document.getElementById(szDivId));
  }
  else if (document.all) {
    // this is the way old msie versions work
    res = flip(document.all[szDivId]);
  }
  if(elem) {
    if(res == 0) elem.innerHTML = msg1; else elem.innerHTML = msg2;
  }

}

function toggleAllBoxes() {
  if (document.getElementsByTagName) {
    d = document.getElementsByTagName('div');
    for (i = 0; i < d.length; i++) {
      if (d[i].className == 'log') {
        flip(d[i]);
      }
    }
  }
}

// -->
</script>

</head>
<body>
<h2 align='center'>Surefire test</h2><table border='1' align="center">
<tr>
<td>Tests passed/Failed/Skipped:</td><td>3/2/0</td>
</tr><tr>
<td>Started on:</td><td>Tue Jun 22 16:25:45 IST 2021</td>
</tr>
<tr><td>Total time:</td><td>57 seconds (57474 ms)</td>
</tr><tr>
<td>Included groups:</td><td></td>
</tr><tr>
<td>Excluded groups:</td><td></td>
</tr>
</table><p/>
<small><i>(Hover the method name to see the test class name)</i></small><p/>
<table width='100%' border='1' class='invocation-failed'>
<tr><td colspan='4' align='center'><b>FAILED TESTS</b></td></tr>
<tr><td><b>Test method</b></td>
<td width="30%"><b>Exception</b></td>
<td width="10%"><b>Time (seconds)</b></td>
<td><b>Instance</b></td>
</tr>
<tr>
<td title='com.accelerator.runners.MyTestRunner.runScenario()'><b>runScenario</b><br>Test class: com.accelerator.runners.MyTestRunner<br>Test method: Runs Cucumber Scenarios<br>Parameters: "Login with correct credentials", "Optional[Login page feature]"</td>
<td><div><pre>java.lang.AssertionError
	at org.junit.Assert.fail(Assert.java:87)
	at org.junit.Assert.assertTrue(Assert.java:42)
	at org.junit.Assert.assertTrue(Assert.java:53)
	at com.accelerator.stepdefinitions.LoginPageSteps.page_title_should_be(LoginPageSteps.java:28)
	at ?.page title should be &quot;My account - My Store&quot;(file:///D:/Selenium/Java%20Workspace/AA_SeleniumGrid_Testng-master.zip_expanded/AA_SeleniumGrid_Testng-master/AutomationAccelerator-seleniumgrid/src/test/resources/features/LoginPage.feature:18)
</pre></div><a href='#' onClick='toggleBox("stack-trace439822824", this, "Click to show all stack frames", "Click to hide stack frames")'>Click to show all stack frames</a>
<div class='stack-trace' id='stack-trace439822824'><pre>java.lang.AssertionError
	at org.junit.Assert.fail(Assert.java:87)
	at org.junit.Assert.assertTrue(Assert.java:42)
	at org.junit.Assert.assertTrue(Assert.java:53)
	at com.accelerator.stepdefinitions.LoginPageSteps.page_title_should_be(LoginPageSteps.java:28)
	at ?.page title should be &quot;My account - My Store&quot;(file:///D:/Selenium/Java%20Workspace/AA_SeleniumGrid_Testng-master.zip_expanded/AA_SeleniumGrid_Testng-master/AutomationAccelerator-seleniumgrid/src/test/resources/features/LoginPage.feature:18)
</pre></div></td>
<td>18</td>
<td>com.accelerator.runners.MyTestRunner@2d29b4ee</td></tr>
<tr>
<td title='com.accelerator.runners.MyTestRunner.runScenario()'><b>runScenario</b><br>Test class: com.accelerator.runners.MyTestRunner<br>Test method: Runs Cucumber Scenarios<br>Parameters: "Accounts section count", "Optional[Account Page Feature]"</td>
<td><div><pre>java.lang.AssertionError
	at org.junit.Assert.fail(Assert.java:87)
	at org.junit.Assert.assertTrue(Assert.java:42)
	at org.junit.Assert.assertTrue(Assert.java:53)
	at com.accelerator.stepdefinitions.AccountsPageSteps.accounts_section_count_should_be(AccountsPageSteps.java:53)
	at ?.accounts section count should be 6(file:///D:/Selenium/Java%20Workspace/AA_SeleniumGrid_Testng-master.zip_expanded/AA_SeleniumGrid_Testng-master/AutomationAccelerator-seleniumgrid/src/test/resources/features/AccountsPage.feature:24)
</pre></div><a href='#' onClick='toggleBox("stack-trace1506743501", this, "Click to show all stack frames", "Click to hide stack frames")'>Click to show all stack frames</a>
<div class='stack-trace' id='stack-trace1506743501'><pre>java.lang.AssertionError
	at org.junit.Assert.fail(Assert.java:87)
	at org.junit.Assert.assertTrue(Assert.java:42)
	at org.junit.Assert.assertTrue(Assert.java:53)
	at com.accelerator.stepdefinitions.AccountsPageSteps.accounts_section_count_should_be(AccountsPageSteps.java:53)
	at ?.accounts section count should be 6(file:///D:/Selenium/Java%20Workspace/AA_SeleniumGrid_Testng-master.zip_expanded/AA_SeleniumGrid_Testng-master/AutomationAccelerator-seleniumgrid/src/test/resources/features/AccountsPage.feature:24)
</pre></div></td>
<td>22</td>
<td>com.accelerator.runners.MyTestRunner@2d29b4ee</td></tr>
</table><p>
<table width='100%' border='1' class='invocation-passed'>
<tr><td colspan='4' align='center'><b>PASSED TESTS</b></td></tr>
<tr><td><b>Test method</b></td>
<td width="30%"><b>Exception</b></td>
<td width="10%"><b>Time (seconds)</b></td>
<td><b>Instance</b></td>
</tr>
<tr>
<td title='com.accelerator.runners.MyTestRunner.runScenario()'><b>runScenario</b><br>Test class: com.accelerator.runners.MyTestRunner<br>Test method: Runs Cucumber Scenarios<br>Parameters: "Login page title", "Optional[Login page feature]"</td>
<td></td>
<td>16</td>
<td>com.accelerator.runners.MyTestRunner@2d29b4ee</td></tr>
<tr>
<td title='com.accelerator.runners.MyTestRunner.runScenario()'><b>runScenario</b><br>Test class: com.accelerator.runners.MyTestRunner<br>Test method: Runs Cucumber Scenarios<br>Parameters: "Forgot Password link", "Optional[Login page feature]"</td>
<td></td>
<td>34</td>
<td>com.accelerator.runners.MyTestRunner@2d29b4ee</td></tr>
<tr>
<td title='com.accelerator.runners.MyTestRunner.runScenario()'><b>runScenario</b><br>Test class: com.accelerator.runners.MyTestRunner<br>Test method: Runs Cucumber Scenarios<br>Parameters: "Accounts page title", "Optional[Account Page Feature]"</td>
<td></td>
<td>51</td>
<td>com.accelerator.runners.MyTestRunner@2d29b4ee</td></tr>
</table><p>
</body>
</html>